<?xml version="1.0" encoding="UTF-8"?>
<coverage generated="1673368273471" clover="3.2.0">
  <project timestamp="1673368273471" name="All files">
    <metrics statements="16" coveredstatements="16" conditionals="0" coveredconditionals="0" methods="8" coveredmethods="8" elements="24" coveredelements="24" complexity="0" loc="16" ncloc="16" packages="1" files="1" classes="1"/>
    <file name="calculator.js" path="/Users/bav/Documents/coursework/week_07/day_02/jestCalculator/calculator.js">
      <metrics statements="16" coveredstatements="16" conditionals="0" coveredconditionals="0" methods="8" coveredmethods="8"/>
      <line num="1" count="1" type="stmt"/>
      <line num="2" count="34" type="stmt"/>
      <line num="3" count="6" type="stmt"/>
      <line num="5" count="34" type="stmt"/>
      <line num="6" count="4" type="stmt"/>
      <line num="8" count="34" type="stmt"/>
      <line num="9" count="6" type="stmt"/>
      <line num="11" count="34" type="stmt"/>
      <line num="12" count="8" type="stmt"/>
      <line num="14" count="34" type="stmt"/>
      <line num="15" count="7" type="stmt"/>
      <line num="17" count="34" type="stmt"/>
      <line num="18" count="3" type="stmt"/>
      <line num="20" count="34" type="stmt"/>
      <line num="21" count="3" type="stmt"/>
      <line num="25" count="1" type="stmt"/>
    </file>
  </project>
</coverage>
