TN:
SF:calculator.js
FN:1,(anonymous_0)
FN:2,(anonymous_1)
FN:5,(anonymous_2)
FN:8,(anonymous_3)
FN:11,(anonymous_4)
FN:14,(anonymous_5)
FN:17,(anonymous_6)
FN:20,(anonymous_7)
FNF:8
FNH:8
FNDA:34,(anonymous_0)
FNDA:6,(anonymous_1)
FNDA:4,(anonymous_2)
FNDA:6,(anonymous_3)
FNDA:8,(anonymous_4)
FNDA:7,(anonymous_5)
FNDA:3,(anonymous_6)
FNDA:3,(anonymous_7)
DA:1,1
DA:2,34
DA:3,6
DA:5,34
DA:6,4
DA:8,34
DA:9,6
DA:11,34
DA:12,8
DA:14,34
DA:15,7
DA:17,34
DA:18,3
DA:20,34
DA:21,3
DA:25,1
LF:16
LH:16
BRF:0
BRH:0
end_of_record
